{
  "RSpec": {
    "coverage": {
      "/Users/Guest/Desktop/health_tracker/spec/controllers/foods_controller_spec.rb": [
        1,
        null,
        1,
        null,
        null
      ],
      "/Users/Guest/Desktop/health_tracker/spec/rails_helper.rb": [
        null,
        1,
        1,
        null,
        1,
        1,
        1,
        1,
        1,
        1,
        null,
        1,
        null,
        1,
        1,
        null,
        1,
        1,
        1,
        null,
        1,
        1,
        null,
        null,
        1,
        9,
        9,
        null,
        null,
        null,
        1,
        null,
        null,
        null,
        1,
        1,
        1,
        1,
        null,
        null
      ],
      "/Users/Guest/Desktop/health_tracker/config/environment.rb": [
        null,
        1,
        null,
        null,
        1
      ],
      "/Users/Guest/Desktop/health_tracker/config/application.rb": [
        1,
        null,
        1,
        null,
        1,
        1,
        1,
        1,
        1,
        1,
        1,
        null,
        null,
        null,
        null,
        1,
        null,
        1,
        1,
        null,
        null,
        null,
        null,
        null,
        null,
        null,
        null,
        null,
        null,
        null,
        null,
        null,
        1,
        null,
        null
      ],
      "/Users/Guest/Desktop/health_tracker/config/boot.rb": [
        1,
        null,
        1
      ],
      "/Users/Guest/Desktop/health_tracker/config/environments/test.rb": [
        1,
        null,
        null,
        null,
        null,
        null,
        null,
        1,
        null,
        null,
        null,
        null,
        1,
        null,
        null,
        1,
        1,
        null,
        null,
        1,
        1,
        null,
        null,
        1,
        null,
        null,
        1,
        null,
        null,
        null,
        null,
        1,
        null,
        null,
        1,
        null,
        null,
        1,
        null,
        null,
        null,
        null
      ],
      "/Users/Guest/Desktop/health_tracker/config/initializers/assets.rb": [
        null,
        null,
        null,
        1,
        null,
        null,
        null,
        null,
        null,
        null,
        null
      ],
      "/Users/Guest/Desktop/health_tracker/config/initializers/backtrace_silencers.rb": [
        null,
        null,
        null,
        null,
        null,
        null,
        null
      ],
      "/Users/Guest/Desktop/health_tracker/config/initializers/cookies_serializer.rb": [
        null,
        null,
        1
      ],
      "/Users/Guest/Desktop/health_tracker/config/initializers/devise.rb": [
        null,
        null,
        1,
        null,
        null,
        null,
        null,
        null,
        null,
        null,
        null,
        null,
        null,
        null,
        1,
        null,
        null,
        null,
        null,
        null,
        null,
        null,
        null,
        1,
        null,
        null,
        null,
        null,
        null,
        null,
        null,
        null,
        null,
        1,
        null,
        null,
        null,
        null,
        null,
        null,
        null,
        null,
        null,
        null,
        null,
        1,
        null,
        null,
        null,
        null,
        1,
        null,
        null,
        null,
        null,
        null,
        null,
        null,
        null,
        null,
        null,
        null,
        null,
        null,
        null,
        null,
        null,
        null,
        null,
        null,
        null,
        null,
        null,
        null,
        null,
        null,
        null,
        null,
        null,
        null,
        null,
        1,
        null,
        null,
        null,
        null,
        null,
        null,
        null,
        null,
        null,
        null,
        null,
        null,
        null,
        null,
        null,
        null,
        1,
        null,
        null,
        null,
        null,
        null,
        null,
        null,
        null,
        null,
        null,
        null,
        null,
        null,
        null,
        null,
        null,
        null,
        null,
        null,
        null,
        null,
        null,
        null,
        null,
        1,
        null,
        null,
        1,
        null,
        null,
        null,
        null,
        null,
        null,
        1,
        null,
        null,
        null,
        null,
        null,
        null,
        null,
        null,
        null,
        null,
        1,
        null,
        null,
        null,
        null,
        null,
        null,
        null,
        null,
        null,
        null,
        null,
        null,
        null,
        null,
        null,
        null,
        null,
        null,
        null,
        null,
        null,
        null,
        null,
        null,
        null,
        null,
        null,
        null,
        null,
        null,
        null,
        null,
        null,
        null,
        null,
        null,
        null,
        null,
        null,
        null,
        1,
        null,
        null,
        null,
        null,
        1,
        null,
        null,
        null,
        null,
        null,
        null,
        null,
        null,
        null,
        null,
        null,
        null,
        null,
        null,
        null,
        null,
        null,
        null,
        null,
        null,
        null,
        null,
        null,
        null,
        null,
        null,
        null,
        null,
        null,
        null,
        null,
        null,
        null,
        null,
        null,
        null,
        null,
        null,
        null,
        null,
        null,
        1,
        null,
        null,
        null,
        null,
        null,
        null,
        null,
        null,
        null,
        null,
        null,
        null,
        null,
        null,
        null,
        null,
        null,
        null,
        null,
        null,
        null,
        null,
        null,
        null,
        null,
        null,
        null,
        null,
        null
      ],
      "/Users/Guest/Desktop/health_tracker/config/initializers/filter_parameter_logging.rb": [
        null,
        null,
        null,
        1
      ],
      "/Users/Guest/Desktop/health_tracker/config/initializers/inflections.rb": [
        null,
        null,
        null,
        null,
        null,
        null,
        null,
        null,
        null,
        null,
        null,
        null,
        null,
        null,
        null,
        null
      ],
      "/Users/Guest/Desktop/health_tracker/config/initializers/mime_types.rb": [
        null,
        null,
        null,
        null
      ],
      "/Users/Guest/Desktop/health_tracker/config/initializers/session_store.rb": [
        null,
        null,
        1
      ],
      "/Users/Guest/Desktop/health_tracker/config/initializers/wrap_parameters.rb": [
        null,
        null,
        null,
        null,
        null,
        null,
        1,
        1,
        null,
        null,
        null,
        null,
        null,
        null
      ],
      "/Users/Guest/Desktop/health_tracker/config/routes.rb": [
        1,
        1,
        1,
        1,
        null,
        1,
        1,
        null,
        null
      ],
      "/Users/Guest/Desktop/health_tracker/app/models/user.rb": [
        1,
        1,
        null,
        null,
        null,
        1,
        1,
        null,
        1,
        0,
        0,
        0,
        null,
        0,
        0,
        null,
        0,
        null,
        null,
        null,
        null,
        1,
        0,
        0,
        null,
        null,
        null
      ],
      "/Users/Guest/Desktop/health_tracker/app/helpers/application_helper.rb": [
        1,
        1,
        0,
        null,
        0,
        null,
        0,
        null,
        0,
        null,
        0,
        null,
        null,
        null
      ],
      "/Users/Guest/Desktop/health_tracker/app/helpers/foods_helper.rb": [
        1,
        null
      ],
      "/Users/Guest/Desktop/health_tracker/app/controllers/foods_controller.rb": [
        1,
        1,
        0,
        0,
        0,
        0,
        0,
        null,
        null,
        null,
        1,
        0,
        0,
        0,
        0,
        0,
        0,
        0,
        null,
        0,
        0,
        null,
        null,
        null,
        null,
        1,
        0,
        0,
        0,
        null,
        null,
        1,
        1,
        0,
        null,
        null
      ],
      "/Users/Guest/Desktop/health_tracker/app/controllers/application_controller.rb": [
        1,
        null,
        null,
        1,
        1,
        null,
        1,
        1,
        0,
        0,
        0,
        null,
        null
      ],
      "/Users/Guest/Desktop/health_tracker/spec/models/exercise_spec.rb": [
        1,
        null,
        1,
        2,
        2,
        null
      ],
      "/Users/Guest/Desktop/health_tracker/app/models/exercise.rb": [
        1,
        1,
        1,
        null
      ],
      "/Users/Guest/Desktop/health_tracker/spec/models/food_spec.rb": [
        1,
        null,
        1,
        2,
        2,
        2,
        2,
        null
      ],
      "/Users/Guest/Desktop/health_tracker/app/models/food.rb": [
        1,
        1,
        1,
        1,
        1,
        null
      ],
      "/Users/Guest/Desktop/health_tracker/spec/models/tracking_periods_spec.rb": [
        1,
        null,
        1,
        2,
        2,
        2,
        null
      ],
      "/Users/Guest/Desktop/health_tracker/app/models/tracking_period.rb": [
        1,
        1,
        1,
        1,
        null
      ],
      "/Users/Guest/Desktop/health_tracker/spec/models/user_spec.rb": [
        1,
        null,
        1,
        null,
        null
      ]
    },
    "timestamp": 1446070791
  }
}
